Start testing: Jun 14 22:21 CEST
----------------------------------------------------------
1/3 Testing: api
1/3 Test: api
Command: "/home/mk115227/tests/CommLib/build/tests/api"
Directory: /home/mk115227/tests/CommLib/build/tests
"api" start time: Jun 14 22:21 CEST
Output:
----------------------------------------------------------
[==========] Running 7 tests from 7 test suites.
[----------] Global test environment set-up.
[----------] 1 test from ServerInit
[ RUN      ] ServerInit.ProperCalls
[       OK ] ServerInit.ProperCalls (0 ms)
[----------] 1 test from ServerInit (0 ms total)

[----------] 1 test from ClientInit
[ RUN      ] ClientInit.ProperCalls
[       OK ] ClientInit.ProperCalls (0 ms)
[----------] 1 test from ClientInit (0 ms total)

[----------] 1 test from ClientSend
[ RUN      ] ClientSend.ProperCalls
[       OK ] ClientSend.ProperCalls (1 ms)
[----------] 1 test from ClientSend (1 ms total)

[----------] 1 test from ClientReceive
[ RUN      ] ClientReceive.ProperCalls
[       OK ] ClientReceive.ProperCalls (0 ms)
[----------] 1 test from ClientReceive (0 ms total)

[----------] 1 test from ServerSend
[ RUN      ] ServerSend.ProperCalls
[       OK ] ServerSend.ProperCalls (0 ms)
[----------] 1 test from ServerSend (0 ms total)

[----------] 1 test from ServerReceive
[ RUN      ] ServerReceive.ProperCalls
[       OK ] ServerReceive.ProperCalls (0 ms)
[----------] 1 test from ServerReceive (0 ms total)

[----------] 1 test from DestroyServer
[ RUN      ] DestroyServer.ProperCalls
[       OK ] DestroyServer.ProperCalls (0 ms)
[----------] 1 test from DestroyServer (0 ms total)

[----------] Global test environment tear-down
[==========] 7 tests from 7 test suites ran. (1 ms total)
[  PASSED  ] 7 tests.
<end of output>
Test time =   0.01 sec
----------------------------------------------------------
Test Passed.
"api" end time: Jun 14 22:21 CEST
"api" time elapsed: 00:00:00
----------------------------------------------------------

2/3 Testing: endpoint
2/3 Test: endpoint
Command: "/home/mk115227/tests/CommLib/build/tests/endpoint"
Directory: /home/mk115227/tests/CommLib/build/tests
"endpoint" start time: Jun 14 22:21 CEST
Output:
----------------------------------------------------------
[==========] Running 9 tests from 9 test suites.
[----------] Global test environment set-up.
[----------] 1 test from ServerInit
[ RUN      ] ServerInit.ProperCalls
[       OK ] ServerInit.ProperCalls (1 ms)
[----------] 1 test from ServerInit (1 ms total)

[----------] 1 test from ServerHandshake
[ RUN      ] ServerHandshake.ProperCalls
[       OK ] ServerHandshake.ProperCalls (0 ms)
[----------] 1 test from ServerHandshake (0 ms total)

[----------] 1 test from ServerDisconnect
[ RUN      ] ServerDisconnect.ProperCalls
[       OK ] ServerDisconnect.ProperCalls (0 ms)
[----------] 1 test from ServerDisconnect (0 ms total)

[----------] 1 test from ServerDestroy
[ RUN      ] ServerDestroy.ProperCalls

GMOCK WARNING:
Uninteresting mock function call - returning directly.
    Function call: destroy(1, "test1/")
NOTE: You can safely ignore the above warning unless this call should not happen.  Do not suppress it by blindly adding an EXPECT_CALL() if you don't mean to enforce the call.  See https://github.com/google/googletest/blob/master/googlemock/docs/cook_book.md#knowing-when-to-expect for details.

GMOCK WARNING:
Uninteresting mock function call - returning directly.
    Function call: destroy(2, "test2/")
NOTE: You can safely ignore the above warning unless this call should not happen.  Do not suppress it by blindly adding an EXPECT_CALL() if you don't mean to enforce the call.  See https://github.com/google/googletest/blob/master/googlemock/docs/cook_book.md#knowing-when-to-expect for details.

GMOCK WARNING:
Uninteresting mock function call - returning directly.
    Function call: destroy(3, "test3/")
NOTE: You can safely ignore the above warning unless this call should not happen.  Do not suppress it by blindly adding an EXPECT_CALL() if you don't mean to enforce the call.  See https://github.com/google/googletest/blob/master/googlemock/docs/cook_book.md#knowing-when-to-expect for details.

GMOCK WARNING:
Uninteresting mock function call - returning directly.
    Function call: destroy(4, "test4/")
NOTE: You can safely ignore the above warning unless this call should not happen.  Do not suppress it by blindly adding an EXPECT_CALL() if you don't mean to enforce the call.  See https://github.com/google/googletest/blob/master/googlemock/docs/cook_book.md#knowing-when-to-expect for details.
[       OK ] ServerDestroy.ProperCalls (0 ms)
[----------] 1 test from ServerDestroy (0 ms total)

[----------] 1 test from ClientInit
[ RUN      ] ClientInit.ProperCalls
[       OK ] ClientInit.ProperCalls (0 ms)
[----------] 1 test from ClientInit (0 ms total)

[----------] 1 test from ClientHandshake
[ RUN      ] ClientHandshake.ProperCalls
[       OK ] ClientHandshake.ProperCalls (0 ms)
[----------] 1 test from ClientHandshake (0 ms total)

[----------] 1 test from ClientDisconnect
[ RUN      ] ClientDisconnect.ProperCalls
[       OK ] ClientDisconnect.ProperCalls (0 ms)
[----------] 1 test from ClientDisconnect (0 ms total)

[----------] 1 test from ClientDestroy
[ RUN      ] ClientDestroy.ProperCalls
[       OK ] ClientDestroy.ProperCalls (0 ms)
[----------] 1 test from ClientDestroy (0 ms total)

[----------] 1 test from ClientProbe
[ RUN      ] ClientProbe.ProperCalls
[       OK ] ClientProbe.ProperCalls (0 ms)
[----------] 1 test from ClientProbe (0 ms total)

[----------] Global test environment tear-down
[==========] 9 tests from 9 test suites ran. (1 ms total)
[  PASSED  ] 9 tests.
<end of output>
Test time =   0.01 sec
----------------------------------------------------------
Test Passed.
"endpoint" end time: Jun 14 22:21 CEST
"endpoint" time elapsed: 00:00:00
----------------------------------------------------------

3/3 Testing: mpitransport
3/3 Test: mpitransport
Command: "/opt/MPI/bin/mpiexec" "-n" "3" "./mpitransport"
Directory: /home/mk115227/tests/CommLib/build/tests
"mpitransport" start time: Jun 14 22:21 CEST
Output:
----------------------------------------------------------
[==========] Running 4 tests from 1 test suite.
[----------] Global test environment set-up.
[----------] 4 tests from MPITransport
[ RUN      ] MPITransport.InitServer
[==========] Running 4 tests from 1 test suite.
[----------] Global test environment set-up.
[----------] 4 tests from MPITransport
[ RUN      ] MPITransport.InitServer
[==========] Running 4 tests from 1 test suite.
[----------] Global test environment set-up.
[----------] 4 tests from MPITransport
[ RUN      ] MPITransport.InitServer
/home/mk115227/tests/CommLib/tests/MPITransportTest.cpp:54: Failure
Value of: port_address != nullptr
  Actual: false
Expected: true
[  FAILED  ] MPITransport.InitServer[       OK ] MPITransport.InitServer (17 ms)
[ RUN      ] MPITransport.Connection
 (17 ms)
[ RUN      ] MPITransport.Connection
[       OK ] MPITransport.InitServer (17 ms)
[ RUN      ] MPITransport.Connection
[       OK ] MPITransport.Connection (13 ms)
[ RUN      ] MPITransport.Probe
[       OK ] MPITransport.Connection (14 ms)
[ RUN      ] MPITransport.Probe
[       OK ] MPITransport.Connection (18 ms)
[ RUN      ] MPITransport.Probe
[       OK ] MPITransport.Probe[       OK ] MPITransport.Probe (18 ms)
[ RUN      ] MPITransport.PingPong
 (19 ms)
[ RUN      ] MPITransport.PingPong
[       OK ] MPITransport.Probe (19 ms)
[ RUN      ] MPITransport.PingPong
[       OK ] MPITransport.PingPong (21 ms)
[----------] 4 tests from MPITransport (70 ms total)

[----------] Global test environment tear-down
[==========] 4 tests from 1 test suite ran. (70 ms total)
[  PASSED  ] 4 tests.
[       OK ] MPITransport.PingPong (22 ms)
[----------] 4 tests from MPITransport (71 ms total)

[----------] Global test environment tear-down
[==========] 4 tests from 1 test suite ran. (71 ms total)
[  PASSED  ] 3 tests.
[  FAILED  ] 1 test, listed below:
[  FAILED  ] MPITransport.InitServer

 1 FAILED TEST
[       OK ] MPITransport.PingPong (17 ms)
[----------] 4 tests from MPITransport (71 ms total)

[----------] Global test environment tear-down
[==========] 4 tests from 1 test suite ran. (71 ms total)
[  PASSED  ] 4 tests.
Failure executing command /opt/intel/impi/2018.4.274/compilers_and_libraries/linux/mpi/bin64/mpirun -launcher ssh -machinefile /tmp/mk115227/login18-3_152639/hostfile-157914 -np 3 /rwthfs/rz/cluster/home/mk115227/tests/CommLib/build/tests/mpitransport
<end of output>
Test time =   2.45 sec
----------------------------------------------------------
Test Failed.
"mpitransport" end time: Jun 14 22:21 CEST
"mpitransport" time elapsed: 00:00:02
----------------------------------------------------------

End testing: Jun 14 22:21 CEST
